#! /usr/bin/vvp
:ivl_version "10.2 (stable)" "(v10_2)";
:ivl_delay_selection "TYPICAL";
:vpi_time_precision + 0;
:vpi_module "system";
:vpi_module "vhdl_sys";
:vpi_module "v2005_math";
:vpi_module "va_math";
S_0x5597eae4fab0 .scope module, "test" "test" 2 1;
 .timescale 0 0;
v0x5597eae750a0_0 .var "in", 3 0;
v0x5597eae75180_0 .net "out", 3 0, L_0x5597eae75760;  1 drivers
v0x5597eae75270_0 .net "valid", 0 0, v0x5597eae74fa0_0;  1 drivers
E_0x5597eae42810 .event edge, v0x5597eae74d20_0, v0x5597eae73620_0, v0x5597eae74fa0_0;
S_0x5597eae4eb20 .scope module, "T" "tsg4" 2 8, 3 15 0, S_0x5597eae4fab0;
 .timescale 0 0;
    .port_info 0 /INPUT 4 "in"
    .port_info 1 /OUTPUT 4 "out"
    .port_info 2 /OUTPUT 1 "valid"
    .port_info 3 /INPUT 1 "clk"
L_0x7f854aa57018 .functor BUFT 1, C4<1>, C4<0>, C4<0>, C4<0>;
v0x5597eae74c80_0 .net "clk", 0 0, L_0x7f854aa57018;  1 drivers
v0x5597eae74d20_0 .net "in", 3 0, v0x5597eae750a0_0;  1 drivers
v0x5597eae74e00_0 .net "out", 3 0, L_0x5597eae75760;  alias, 1 drivers
RS_0x7f854aaa0078 .resolv tri, L_0x5597eae758f0, L_0x5597eae75a20, L_0x5597eae75ac0, L_0x5597eae75bf0;
v0x5597eae74ed0_0 .net8 "tvalid", 0 0, RS_0x7f854aaa0078;  4 drivers
v0x5597eae74fa0_0 .var "valid", 0 0;
E_0x5597eae48b90 .event edge, v0x5597eae73700_0;
L_0x5597eae75340 .part v0x5597eae750a0_0, 0, 1;
L_0x5597eae75460 .part v0x5597eae750a0_0, 1, 1;
L_0x5597eae75500 .part v0x5597eae750a0_0, 2, 1;
L_0x5597eae75660 .part v0x5597eae750a0_0, 3, 1;
L_0x5597eae75760 .concat8 [ 1 1 1 1], v0x5597eae73be0_0, v0x5597eae74110_0, v0x5597eae74610_0, v0x5597eae74b60_0;
S_0x5597eae0d070 .scope module, "b1" "bus" 3 28, 4 1 0, S_0x5597eae4eb20;
 .timescale 0 0;
    .port_info 0 /INPUT 4 "in"
    .port_info 1 /OUTPUT 1 "out"
    .port_info 2 /INPUT 1 "clk"
v0x5597eae4ee90_0 .net "clk", 0 0, L_0x7f854aa57018;  alias, 1 drivers
v0x5597eae73620_0 .net "in", 3 0, L_0x5597eae75760;  alias, 1 drivers
v0x5597eae73700_0 .net8 "out", 0 0, RS_0x7f854aaa0078;  alias, 4 drivers
L_0x5597eae758f0 .part L_0x5597eae75760, 0, 1;
L_0x5597eae75a20 .part L_0x5597eae75760, 1, 1;
L_0x5597eae75ac0 .part L_0x5597eae75760, 2, 1;
L_0x5597eae75bf0 .part L_0x5597eae75760, 3, 1;
S_0x5597eae73820 .scope module, "t1" "tsg" 3 22, 3 1 0, S_0x5597eae4eb20;
 .timescale 0 0;
    .port_info 0 /INPUT 1 "in"
    .port_info 1 /OUTPUT 1 "out"
    .port_info 2 /INPUT 1 "clk"
v0x5597eae73a80_0 .net "clk", 0 0, L_0x7f854aa57018;  alias, 1 drivers
v0x5597eae73b40_0 .net "in", 0 0, L_0x5597eae75340;  1 drivers
v0x5597eae73be0_0 .var "out", 0 0;
E_0x5597eae48750 .event edge, v0x5597eae4ee90_0, v0x5597eae73b40_0;
S_0x5597eae73d00 .scope module, "t2" "tsg" 3 23, 3 1 0, S_0x5597eae4eb20;
 .timescale 0 0;
    .port_info 0 /INPUT 1 "in"
    .port_info 1 /OUTPUT 1 "out"
    .port_info 2 /INPUT 1 "clk"
v0x5597eae73f40_0 .net "clk", 0 0, L_0x7f854aa57018;  alias, 1 drivers
v0x5597eae74050_0 .net "in", 0 0, L_0x5597eae75460;  1 drivers
v0x5597eae74110_0 .var "out", 0 0;
E_0x5597eae48990 .event edge, v0x5597eae4ee90_0, v0x5597eae74050_0;
S_0x5597eae74230 .scope module, "t3" "tsg" 3 24, 3 1 0, S_0x5597eae4eb20;
 .timescale 0 0;
    .port_info 0 /INPUT 1 "in"
    .port_info 1 /OUTPUT 1 "out"
    .port_info 2 /INPUT 1 "clk"
v0x5597eae74490_0 .net "clk", 0 0, L_0x7f854aa57018;  alias, 1 drivers
v0x5597eae74550_0 .net "in", 0 0, L_0x5597eae75500;  1 drivers
v0x5597eae74610_0 .var "out", 0 0;
E_0x5597eae54560 .event edge, v0x5597eae4ee90_0, v0x5597eae74550_0;
S_0x5597eae74730 .scope module, "t4" "tsg" 3 25, 3 1 0, S_0x5597eae4eb20;
 .timescale 0 0;
    .port_info 0 /INPUT 1 "in"
    .port_info 1 /OUTPUT 1 "out"
    .port_info 2 /INPUT 1 "clk"
v0x5597eae749e0_0 .net "clk", 0 0, L_0x7f854aa57018;  alias, 1 drivers
v0x5597eae74aa0_0 .net "in", 0 0, L_0x5597eae75660;  1 drivers
v0x5597eae74b60_0 .var "out", 0 0;
E_0x5597eae545a0 .event edge, v0x5597eae4ee90_0, v0x5597eae74aa0_0;
    .scope S_0x5597eae73820;
T_0 ;
    %wait E_0x5597eae48750;
    %load/vec4 v0x5597eae73b40_0;
    %pad/u 32;
    %cmpi/e 0, 0, 32;
    %jmp/0xz  T_0.0, 4;
    %pushi/vec4 0, 1, 1;
    %store/vec4 v0x5597eae73be0_0, 0, 1;
    %jmp T_0.1;
T_0.0 ;
    %pushi/vec4 1, 0, 1;
    %store/vec4 v0x5597eae73be0_0, 0, 1;
T_0.1 ;
    %jmp T_0;
    .thread T_0, $push;
    .scope S_0x5597eae73d00;
T_1 ;
    %wait E_0x5597eae48990;
    %load/vec4 v0x5597eae74050_0;
    %pad/u 32;
    %cmpi/e 0, 0, 32;
    %jmp/0xz  T_1.0, 4;
    %pushi/vec4 0, 1, 1;
    %store/vec4 v0x5597eae74110_0, 0, 1;
    %jmp T_1.1;
T_1.0 ;
    %pushi/vec4 1, 0, 1;
    %store/vec4 v0x5597eae74110_0, 0, 1;
T_1.1 ;
    %jmp T_1;
    .thread T_1, $push;
    .scope S_0x5597eae74230;
T_2 ;
    %wait E_0x5597eae54560;
    %load/vec4 v0x5597eae74550_0;
    %pad/u 32;
    %cmpi/e 0, 0, 32;
    %jmp/0xz  T_2.0, 4;
    %pushi/vec4 0, 1, 1;
    %store/vec4 v0x5597eae74610_0, 0, 1;
    %jmp T_2.1;
T_2.0 ;
    %pushi/vec4 1, 0, 1;
    %store/vec4 v0x5597eae74610_0, 0, 1;
T_2.1 ;
    %jmp T_2;
    .thread T_2, $push;
    .scope S_0x5597eae74730;
T_3 ;
    %wait E_0x5597eae545a0;
    %load/vec4 v0x5597eae74aa0_0;
    %pad/u 32;
    %cmpi/e 0, 0, 32;
    %jmp/0xz  T_3.0, 4;
    %pushi/vec4 0, 1, 1;
    %store/vec4 v0x5597eae74b60_0, 0, 1;
    %jmp T_3.1;
T_3.0 ;
    %pushi/vec4 1, 0, 1;
    %store/vec4 v0x5597eae74b60_0, 0, 1;
T_3.1 ;
    %jmp T_3;
    .thread T_3, $push;
    .scope S_0x5597eae4eb20;
T_4 ;
    %wait E_0x5597eae48b90;
    %load/vec4 v0x5597eae74ed0_0;
    %cmpi/e 0, 1, 1;
    %jmp/0xz  T_4.0, 6;
    %pushi/vec4 0, 0, 1;
    %store/vec4 v0x5597eae74fa0_0, 0, 1;
    %jmp T_4.1;
T_4.0 ;
    %load/vec4 v0x5597eae74ed0_0;
    %store/vec4 v0x5597eae74fa0_0, 0, 1;
T_4.1 ;
    %jmp T_4;
    .thread T_4, $push;
    .scope S_0x5597eae4fab0;
T_5 ;
    %pushi/vec4 0, 0, 4;
    %store/vec4 v0x5597eae750a0_0, 0, 4;
    %delay 5, 0;
    %pushi/vec4 1, 0, 1;
    %ix/load 4, 0, 0;
    %flag_set/imm 4, 0;
    %store/vec4 v0x5597eae750a0_0, 4, 1;
    %end;
    .thread T_5;
    .scope S_0x5597eae4fab0;
T_6 ;
    %wait E_0x5597eae42810;
    %vpi_call 2 15 "$monitor", "%b%b%b%b %b%b%b%b Valid=%b", &PV<v0x5597eae750a0_0, 0, 1>, &PV<v0x5597eae750a0_0, 1, 1>, &PV<v0x5597eae750a0_0, 2, 1>, &PV<v0x5597eae750a0_0, 3, 1>, &PV<v0x5597eae75180_0, 0, 1>, &PV<v0x5597eae75180_0, 1, 1>, &PV<v0x5597eae75180_0, 2, 1>, &PV<v0x5597eae75180_0, 3, 1>, v0x5597eae75270_0 {0 0 0};
    %jmp T_6;
    .thread T_6, $push;
# The file index is used to find the file name in the following table.
:file_names 5;
    "N/A";
    "<interactive>";
    "test.v";
    "tsg.v";
    "bus.v";
