#! /usr/bin/vvp
:ivl_version "10.2 (stable)" "(v10_2)";
:ivl_delay_selection "TYPICAL";
:vpi_time_precision + 0;
:vpi_module "system";
:vpi_module "vhdl_sys";
:vpi_module "v2005_math";
:vpi_module "va_math";
S_0x557bc75f6010 .scope module, "busTB" "busTB" 2 13;
 .timescale 0 0;
v0x557bc761c100_0 .var "in", 3 0;
RS_0x7f8ddaa1c048 .resolv tri, L_0x557bc761c260, L_0x557bc761c3a0, L_0x557bc761c440, L_0x557bc761c570;
v0x557bc761c1c0_0 .net8 "out", 0 0, RS_0x7f8ddaa1c048;  4 drivers
E_0x557bc75f65c0 .event edge, v0x557bc75c0070_0, v0x557bc761bfe0_0;
S_0x557bc75f6190 .scope module, "b1" "bus" 2 20, 2 1 0, S_0x557bc75f6010;
 .timescale 0 0;
    .port_info 0 /INPUT 4 "in"
    .port_info 1 /OUTPUT 1 "out"
v0x557bc75c0070_0 .net "in", 3 0, v0x557bc761c100_0;  1 drivers
v0x557bc761bfe0_0 .net8 "out", 0 0, RS_0x7f8ddaa1c048;  alias, 4 drivers
L_0x557bc761c260 .part v0x557bc761c100_0, 0, 1;
L_0x557bc761c3a0 .part v0x557bc761c100_0, 1, 1;
L_0x557bc761c440 .part v0x557bc761c100_0, 2, 1;
L_0x557bc761c570 .part v0x557bc761c100_0, 3, 1;
    .scope S_0x557bc75f6010;
T_0 ;
    %pushi/vec4 0, 15, 4;
    %store/vec4 v0x557bc761c100_0, 0, 4;
    %end;
    .thread T_0;
    .scope S_0x557bc75f6010;
T_1 ;
    %delay 10, 0;
    %pushi/vec4 1, 0, 1;
    %ix/load 4, 0, 0;
    %flag_set/imm 4, 0;
    %store/vec4 v0x557bc761c100_0, 4, 1;
    %delay 2, 0;
    %pushi/vec4 1, 0, 1;
    %ix/load 4, 0, 0;
    %flag_set/imm 4, 0;
    %store/vec4 v0x557bc761c100_0, 4, 1;
    %delay 2, 0;
    %pushi/vec4 1, 0, 1;
    %ix/load 4, 1, 0;
    %flag_set/imm 4, 0;
    %store/vec4 v0x557bc761c100_0, 4, 1;
    %delay 2, 0;
    %pushi/vec4 0, 1, 1;
    %ix/load 4, 0, 0;
    %flag_set/imm 4, 0;
    %store/vec4 v0x557bc761c100_0, 4, 1;
    %end;
    .thread T_1;
    .scope S_0x557bc75f6010;
T_2 ;
    %wait E_0x557bc75f65c0;
    %vpi_call 2 34 "$monitor", "%d, %b, %b, %b, %b", &PV<v0x557bc761c100_0, 0, 1>, &PV<v0x557bc761c100_0, 1, 1>, &PV<v0x557bc761c100_0, 2, 1>, &PV<v0x557bc761c100_0, 3, 1>, v0x557bc761c1c0_0 {0 0 0};
    %jmp T_2;
    .thread T_2, $push;
# The file index is used to find the file name in the following table.
:file_names 3;
    "N/A";
    "<interactive>";
    "or4.v";
